#
# A fatal error has been detected by the Java Runtime Environment:
#
#  EXCEPTION_ACCESS_VIOLATION (0xc0000005) at pc=0x00007ff8eb3753a9, pid=380, tid=15320
#
# JRE version: Java(TM) SE Runtime Environment (13.0.2+8) (build 13.0.2+8)
# Java VM: Java HotSpot(TM) 64-Bit Server VM (13.0.2+8, mixed mode, sharing, tiered, compressed oops, g1 gc, windows-amd64)
# Problematic frame:
# V  [jvm.dll+0x2453a9]
#
# No core dump will be written. Minidumps are not enabled by default on client versions of Windows
#
# If you would like to submit a bug report, please visit:
#   http://bugreport.java.com/bugreport/crash.jsp
#

---------------  S U M M A R Y ------------

Command Line: -agentlib:jdwp=transport=dt_socket,address=127.0.0.1:56032,suspend=y,server=n -Didea.test.cyclic.buffer.size=1048576 -Dfile.encoding=UTF-8 com.intellij.rt.execution.junit.JUnitStarter -ideVersion5 -junit4 ErdosNumbersTest,basicWeightTest

Host: Intel(R) Core(TM) i7-6700K CPU @ 4.00GHz, 8 cores, 15G,  Windows 10 , 64 bit Build 19041 (10.0.19041.546)
Time: Tue Oct 20 17:56:49 2020 E. Australia Standard Time elapsed time: 397 seconds (0d 0h 6m 37s)

---------------  T H R E A D  ---------------

Current thread (0x000002a013161000):  JavaThread "JDWP Transport Listener: dt_socket" daemon [_thread_in_vm, id=15320, stack(0x000000bac2700000,0x000000bac2800000)] _threads_hazard_ptr=0x000002a01326d360

Stack: [0x000000bac2700000,0x000000bac2800000],  sp=0x000000bac27fec08,  free space=1019k
Native frames: (J=compiled Java code, j=interpreted, Vv=VM code, C=native code)
V  [jvm.dll+0x2453a9]


siginfo: EXCEPTION_ACCESS_VIOLATION (0xc0000005), reading address 0x000002a07fb5dea8


Register to memory mapping:

RIP=0x00007ff8eb3753a9 jvm.dll
RAX=0x0000000000172580 is an unknown value
RBX=0x000000bac27feec0 is pointing into the stack for thread: 0x000002a013161000
RCX=0x000002a07f9eb928 is pointing into metadata
RDX=0x000000000000b92b is an unknown value
RSP=0x000000bac27fec08 is pointing into the stack for thread: 0x000002a013161000
RBP=0x0000000000000001 is an unknown value
RSI=0x0000000000000001 is an unknown value
RDI=0x000002a07f9ea168 is pointing into metadata
R8 =0x0 is NULL
R9 =0x000002a07f9ea168 is pointing into metadata
R10=0x000002a0133f9ad0 points into unknown readable memory: 00 00 00 47 01 00 00 47
R11=0x000002a0133f9590 points into unknown readable memory: 00 00 00 47 01 00 00 47
R12=0x000002a0133f9560 points into unknown readable memory: 00 00 00 00 95 01 00 00
R13=0x0000000000000230 is an unknown value
R14=0x000002a07f9eb72c is pointing into metadata
R15=0x00000000000001a3 is an unknown value


Registers:
RAX=0x0000000000172580, RBX=0x000000bac27feec0, RCX=0x000002a07f9eb928, RDX=0x000000000000b92b
RSP=0x000000bac27fec08, RBP=0x0000000000000001, RSI=0x0000000000000001, RDI=0x000002a07f9ea168
R8 =0x0000000000000000, R9 =0x000002a07f9ea168, R10=0x000002a0133f9ad0, R11=0x000002a0133f9590
R12=0x000002a0133f9560, R13=0x0000000000000230, R14=0x000002a07f9eb72c, R15=0x00000000000001a3
RIP=0x00007ff8eb3753a9, EFLAGS=0x0000000000010202

Top of Stack: (sp=0x000000bac27fec08)
0x000000bac27fec08:   00007ff8eb45f913 000000bac27feec0
0x000000bac27fec18:   00007ff8eb4636a3 000000bac27feec0
0x000000bac27fec28:   000002a07f9fcb80 000000004fffffff
0x000000bac27fec38:   00007ff8eb4639e7 0000000046000116
0x000000bac27fec48:   8fffffff8fffffff 0000300cf87034b2
0x000000bac27fec58:   0000300cf8703482 000002a07f9eb72c
0x000000bac27fec68:   000000bac27fed20 000000bac27feec0
0x000000bac27fec78:   00007ff8eb4619d2 000000bac27feec0
0x000000bac27fec88:   0000000000000195 0000000000000001
0x000000bac27fec98:   00007ff8eb47400a 000000ba00000195
0x000000bac27feca8:   6666666666666667 0000000000000000
0x000000bac27fecb8:   000002a07f9eb6f2 000000bac27fed20
0x000000bac27fecc8:   00007ff8eb24ddae 000002a07f9eb800
0x000000bac27fecd8:   000002a0133f9600 00000000000001a3
0x000000bac27fece8:   00000000000000b7 6666666666666667
0x000000bac27fecf8:   00007ff8eb46235e 000000bac27fed50 

Instructions: (pc=0x00007ff8eb3753a9)
0x00007ff8eb3752a9:   03 03 03 03 03 03 03 03 03 03 03 03 03 03 03 03
0x00007ff8eb3752b9:   03 03 03 03 03 03 03 03 03 03 03 03 03 03 03 03
0x00007ff8eb3752c9:   03 03 03 03 03 03 03 03 03 03 03 03 03 03 03 03
0x00007ff8eb3752d9:   03 03 03 03 03 03 03 03 03 03 03 03 03 03 03 03
0x00007ff8eb3752e9:   03 03 02 03 03 02 cc 48 89 5c 24 08 48 89 74 24
0x00007ff8eb3752f9:   10 57 48 83 ec 20 48 63 da 41 0f b6 f0 48 8b f9
0x00007ff8eb375309:   85 d2 79 24 4c 8d 0d 24 43 62 00 ba 97 02 00 00
0x00007ff8eb375319:   4c 8d 05 50 43 62 00 48 8d 0d b9 42 62 00 e8 04
0x00007ff8eb375329:   6b 00 00 e8 bf f7 3d 00 40 84 f6 75 18 48 8b 4f
0x00007ff8eb375339:   10 48 85 c9 74 0f 48 8d 43 01 48 c1 e0 05 48 8b
0x00007ff8eb375349:   04 08 0f b7 d8 48 8b 74 24 38 48 63 c3 48 8b 5c
0x00007ff8eb375359:   24 30 0f b7 44 c7 40 48 83 c4 20 5f c3 cc cc cc
0x00007ff8eb375369:   cc cc cc cc cc cc cc 4c 8b c9 45 84 c0 75 42 48
0x00007ff8eb375379:   8b 49 10 48 85 c9 74 39 85 d2 79 1a f7 d2 48 63
0x00007ff8eb375389:   c2 48 ff c0 48 c1 e0 05 48 8b 04 08 0f b7 c8 41
0x00007ff8eb375399:   0f b7 44 c9 42 c3 48 63 c2 48 ff c0 48 c1 e0 05
0x00007ff8eb3753a9:   48 8b 04 08 0f b7 d0 48 63 c2 41 0f b7 44 c1 42
0x00007ff8eb3753b9:   c3 49 8b 41 08 4c 63 c2 42 0f b6 44 00 04 8d 48
0x00007ff8eb3753c9:   ef 80 f9 01 76 0e 3c 6a 74 0a 48 63 c2 41 0f b7
0x00007ff8eb3753d9:   44 c1 42 c3 43 0f b7 44 c1 42 c3 cc cc cc cc cc
0x00007ff8eb3753e9:   cc cc cc cc cc cc cc 40 53 48 83 ec 20 48 8b d9
0x00007ff8eb3753f9:   e8 72 ff ff ff 48 63 d0 0f b7 44 d3 40 48 8b 44
0x00007ff8eb375409:   c3 40 48 83 c4 20 5b c3 cc cc cc cc cc cc cc cc
0x00007ff8eb375419:   cc cc cc cc cc cc cc 40 53 48 83 ec 20 48 8b d9
0x00007ff8eb375429:   e8 42 ff ff ff 48 63 d0 0f b7 44 d3 42 48 8b 44
0x00007ff8eb375439:   c3 40 48 83 c4 20 5b c3 cc cc cc cc cc cc cc cc
0x00007ff8eb375449:   cc cc cc cc cc cc cc 4c 8b d1 45 84 c9 75 23 4c
0x00007ff8eb375459:   8b 49 10 4d 85 c9 74 1a 45 85 c0 79 03 41 f7 d0
0x00007ff8eb375469:   49 63 c0 48 ff c0 48 c1 e0 05 4a 8b 04 08 44 0f
0x00007ff8eb375479:   b7 c0 49 8b 42 08 49 63 c8 0f b6 4c 08 04 48 8b
0x00007ff8eb375489:   c2 88 0a c3 cc cc cc 40 56 57 41 54 41 56 41 57
0x00007ff8eb375499:   48 83 ec 20 45 8b 30 49 8b f0 49 63 f9 4c 8b e2 


Stack slot to memory mapping:
stack at sp + 0 slots: 0x00007ff8eb45f913 jvm.dll
stack at sp + 1 slots: 0x000000bac27feec0 is pointing into the stack for thread: 0x000002a013161000
stack at sp + 2 slots: 0x00007ff8eb4636a3 jvm.dll
stack at sp + 3 slots: 0x000000bac27feec0 is pointing into the stack for thread: 0x000002a013161000
stack at sp + 4 slots: 0x000002a07f9fcb80 is pointing into metadata
stack at sp + 5 slots: 0x000000004fffffff is an unknown value
stack at sp + 6 slots: 0x00007ff8eb4639e7 jvm.dll
stack at sp + 7 slots: 0x0000000046000116 is an unknown value


---------------  P R O C E S S  ---------------

Threads class SMR info:
_java_thread_list=0x000002a01326d360, length=13, elements={
0x000002a06e29c000, 0x000002a07f532000, 0x000002a07f535800, 0x000002a07f54e000,
0x000002a07f551000, 0x000002a07f552800, 0x000002a07f559000, 0x000002a07f55b000,
0x000002a013161000, 0x000002a013153800, 0x000002a013155000, 0x000002a01315b800,
0x000002a01318e800
}

Java Threads: ( => current thread )
  0x000002a06e29c000 JavaThread "main" [_thread_blocked, id=1604, stack(0x000000bac1900000,0x000000bac1a00000)]
  0x000002a07f532000 JavaThread "Reference Handler" daemon [_thread_blocked, id=10432, stack(0x000000bac2000000,0x000000bac2100000)]
  0x000002a07f535800 JavaThread "Finalizer" daemon [_thread_blocked, id=3348, stack(0x000000bac2100000,0x000000bac2200000)]
  0x000002a07f54e000 JavaThread "Signal Dispatcher" daemon [_thread_blocked, id=6904, stack(0x000000bac2200000,0x000000bac2300000)]
  0x000002a07f551000 JavaThread "Attach Listener" daemon [_thread_blocked, id=4840, stack(0x000000bac2300000,0x000000bac2400000)]
  0x000002a07f552800 JavaThread "C2 CompilerThread0" daemon [_thread_blocked, id=164, stack(0x000000bac2400000,0x000000bac2500000)]
  0x000002a07f559000 JavaThread "C1 CompilerThread0" daemon [_thread_blocked, id=14928, stack(0x000000bac2500000,0x000000bac2600000)]
  0x000002a07f55b000 JavaThread "Sweeper thread" daemon [_thread_blocked, id=6336, stack(0x000000bac2600000,0x000000bac2700000)]
=>0x000002a013161000 JavaThread "JDWP Transport Listener: dt_socket" daemon [_thread_in_vm, id=15320, stack(0x000000bac2700000,0x000000bac2800000)]
  0x000002a013153800 JavaThread "JDWP Event Helper Thread" daemon [_thread_blocked, id=4504, stack(0x000000bac2800000,0x000000bac2900000)]
  0x000002a013155000 JavaThread "JDWP Command Reader" daemon [_thread_in_native, id=11544, stack(0x000000bac2900000,0x000000bac2a00000)]
  0x000002a01315b800 JavaThread "Service Thread" daemon [_thread_blocked, id=11080, stack(0x000000bac2a00000,0x000000bac2b00000)]
  0x000002a01318e800 JavaThread "Common-Cleaner" daemon [_thread_blocked, id=1452, stack(0x000000bac2c00000,0x000000bac2d00000)]

Other Threads:
  0x000002a07f52f000 VMThread "VM Thread" [stack: 0x000000bac1f00000,0x000000bac2000000] [id=14936]
  0x000002a013176800 WatcherThread [stack: 0x000000bac2b00000,0x000000bac2c00000] [id=8232]
  0x000002a06e309000 GCTaskThread "GC Thread#0" [stack: 0x000000bac1a00000,0x000000bac1b00000] [id=13832]
  0x000002a06e32c000 ConcurrentGCThread "G1 Main Marker" [stack: 0x000000bac1b00000,0x000000bac1c00000] [id=17076]
  0x000002a06e32e000 ConcurrentGCThread "G1 Conc#0" [stack: 0x000000bac1c00000,0x000000bac1d00000] [id=3596]
  0x000002a06e37e800 ConcurrentGCThread "G1 Refine#0" [stack: 0x000000bac1d00000,0x000000bac1e00000] [id=11956]
  0x000002a07f430000 ConcurrentGCThread "G1 Young RemSet Sampling" [stack: 0x000000bac1e00000,0x000000bac1f00000] [id=11244]

Threads with active compile tasks:

VM state:not at safepoint (normal execution)

VM Mutex/Monitor currently owned by a thread: None

Heap address: 0x0000000701e00000, size: 4066 MB, Compressed Oops mode: Zero based, Oop shift amount: 3
Narrow klass base: 0x0000000800000000, Narrow klass shift: 3
Compressed class space size: 1073741824 Address: 0x0000000800b40000

Heap:
 garbage-first heap   total 262144K, used 5120K [0x0000000701e00000, 0x0000000800000000)
  region size 1024K, 6 young (6144K), 0 survivors (0K)
 Metaspace       used 2244K, capacity 5247K, committed 5504K, reserved 1056768K
  class space    used 247K, capacity 532K, committed 640K, reserved 1048576K
Heap Regions: E=young(eden), S=young(survivor), O=old, HS=humongous(starts), HC=humongous(continues), CS=collection set, F=free, A=archive, TAMS=top-at-mark-start (previous, next)
|   0|0x0000000701e00000, 0x0000000701e00000, 0x0000000701f00000|  0%| F|  |TAMS 0x0000000701e00000, 0x0000000701e00000| Untracked 
|   1|0x0000000701f00000, 0x0000000701f00000, 0x0000000702000000|  0%| F|  |TAMS 0x0000000701f00000, 0x0000000701f00000| Untracked 
|   2|0x0000000702000000, 0x0000000702000000, 0x0000000702100000|  0%| F|  |TAMS 0x0000000702000000, 0x0000000702000000| Untracked 
|   3|0x0000000702100000, 0x0000000702100000, 0x0000000702200000|  0%| F|  |TAMS 0x0000000702100000, 0x0000000702100000| Untracked 
|   4|0x0000000702200000, 0x0000000702200000, 0x0000000702300000|  0%| F|  |TAMS 0x0000000702200000, 0x0000000702200000| Untracked 
|   5|0x0000000702300000, 0x0000000702300000, 0x0000000702400000|  0%| F|  |TAMS 0x0000000702300000, 0x0000000702300000| Untracked 
|   6|0x0000000702400000, 0x0000000702400000, 0x0000000702500000|  0%| F|  |TAMS 0x0000000702400000, 0x0000000702400000| Untracked 
|   7|0x0000000702500000, 0x0000000702500000, 0x0000000702600000|  0%| F|  |TAMS 0x0000000702500000, 0x0000000702500000| Untracked 
|   8|0x0000000702600000, 0x0000000702600000, 0x0000000702700000|  0%| F|  |TAMS 0x0000000702600000, 0x0000000702600000| Untracked 
|   9|0x0000000702700000, 0x0000000702700000, 0x0000000702800000|  0%| F|  |TAMS 0x0000000702700000, 0x0000000702700000| Untracked 
|  10|0x0000000702800000, 0x0000000702800000, 0x0000000702900000|  0%| F|  |TAMS 0x0000000702800000, 0x0000000702800000| Untracked 
|  11|0x0000000702900000, 0x0000000702900000, 0x0000000702a00000|  0%| F|  |TAMS 0x0000000702900000, 0x0000000702900000| Untracked 
|  12|0x0000000702a00000, 0x0000000702a00000, 0x0000000702b00000|  0%| F|  |TAMS 0x0000000702a00000, 0x0000000702a00000| Untracked 
|  13|0x0000000702b00000, 0x0000000702b00000, 0x0000000702c00000|  0%| F|  |TAMS 0x0000000702b00000, 0x0000000702b00000| Untracked 
|  14|0x0000000702c00000, 0x0000000702c00000, 0x0000000702d00000|  0%| F|  |TAMS 0x0000000702c00000, 0x0000000702c00000| Untracked 
|  15|0x0000000702d00000, 0x0000000702d00000, 0x0000000702e00000|  0%| F|  |TAMS 0x0000000702d00000, 0x0000000702d00000| Untracked 
|  16|0x0000000702e00000, 0x0000000702e00000, 0x0000000702f00000|  0%| F|  |TAMS 0x0000000702e00000, 0x0000000702e00000| Untracked 
|  17|0x0000000702f00000, 0x0000000702f00000, 0x0000000703000000|  0%| F|  |TAMS 0x0000000702f00000, 0x0000000702f00000| Untracked 
|  18|0x0000000703000000, 0x0000000703000000, 0x0000000703100000|  0%| F|  |TAMS 0x0000000703000000, 0x0000000703000000| Untracked 
|  19|0x0000000703100000, 0x0000000703100000, 0x0000000703200000|  0%| F|  |TAMS 0x0000000703100000, 0x0000000703100000| Untracked 
|  20|0x0000000703200000, 0x0000000703200000, 0x0000000703300000|  0%| F|  |TAMS 0x0000000703200000, 0x0000000703200000| Untracked 
|  21|0x0000000703300000, 0x0000000703300000, 0x0000000703400000|  0%| F|  |TAMS 0x0000000703300000, 0x0000000703300000| Untracked 
|  22|0x0000000703400000, 0x0000000703400000, 0x0000000703500000|  0%| F|  |TAMS 0x0000000703400000, 0x0000000703400000| Untracked 
|  23|0x0000000703500000, 0x0000000703500000, 0x0000000703600000|  0%| F|  |TAMS 0x0000000703500000, 0x0000000703500000| Untracked 
|  24|0x0000000703600000, 0x0000000703600000, 0x0000000703700000|  0%| F|  |TAMS 0x0000000703600000, 0x0000000703600000| Untracked 
|  25|0x0000000703700000, 0x0000000703700000, 0x0000000703800000|  0%| F|  |TAMS 0x0000000703700000, 0x0000000703700000| Untracked 
|  26|0x0000000703800000, 0x0000000703800000, 0x0000000703900000|  0%| F|  |TAMS 0x0000000703800000, 0x0000000703800000| Untracked 
|  27|0x0000000703900000, 0x0000000703900000, 0x0000000703a00000|  0%| F|  |TAMS 0x0000000703900000, 0x0000000703900000| Untracked 
|  28|0x0000000703a00000, 0x0000000703a00000, 0x0000000703b00000|  0%| F|  |TAMS 0x0000000703a00000, 0x0000000703a00000| Untracked 
|  29|0x0000000703b00000, 0x0000000703b00000, 0x0000000703c00000|  0%| F|  |TAMS 0x0000000703b00000, 0x0000000703b00000| Untracked 
|  30|0x0000000703c00000, 0x0000000703c00000, 0x0000000703d00000|  0%| F|  |TAMS 0x0000000703c00000, 0x0000000703c00000| Untracked 
|  31|0x0000000703d00000, 0x0000000703d00000, 0x0000000703e00000|  0%| F|  |TAMS 0x0000000703d00000, 0x0000000703d00000| Untracked 
|  32|0x0000000703e00000, 0x0000000703e00000, 0x0000000703f00000|  0%| F|  |TAMS 0x0000000703e00000, 0x0000000703e00000| Untracked 
|  33|0x0000000703f00000, 0x0000000703f00000, 0x0000000704000000|  0%| F|  |TAMS 0x0000000703f00000, 0x0000000703f00000| Untracked 
|  34|0x0000000704000000, 0x0000000704000000, 0x0000000704100000|  0%| F|  |TAMS 0x0000000704000000, 0x0000000704000000| Untracked 
|  35|0x0000000704100000, 0x0000000704100000, 0x0000000704200000|  0%| F|  |TAMS 0x0000000704100000, 0x0000000704100000| Untracked 
|  36|0x0000000704200000, 0x0000000704200000, 0x0000000704300000|  0%| F|  |TAMS 0x0000000704200000, 0x0000000704200000| Untracked 
|  37|0x0000000704300000, 0x0000000704300000, 0x0000000704400000|  0%| F|  |TAMS 0x0000000704300000, 0x0000000704300000| Untracked 
|  38|0x0000000704400000, 0x0000000704400000, 0x0000000704500000|  0%| F|  |TAMS 0x0000000704400000, 0x0000000704400000| Untracked 
|  39|0x0000000704500000, 0x0000000704500000, 0x0000000704600000|  0%| F|  |TAMS 0x0000000704500000, 0x0000000704500000| Untracked 
|  40|0x0000000704600000, 0x0000000704600000, 0x0000000704700000|  0%| F|  |TAMS 0x0000000704600000, 0x0000000704600000| Untracked 
|  41|0x0000000704700000, 0x0000000704700000, 0x0000000704800000|  0%| F|  |TAMS 0x0000000704700000, 0x0000000704700000| Untracked 
|  42|0x0000000704800000, 0x0000000704800000, 0x0000000704900000|  0%| F|  |TAMS 0x0000000704800000, 0x0000000704800000| Untracked 
|  43|0x0000000704900000, 0x0000000704900000, 0x0000000704a00000|  0%| F|  |TAMS 0x0000000704900000, 0x0000000704900000| Untracked 
|  44|0x0000000704a00000, 0x0000000704a00000, 0x0000000704b00000|  0%| F|  |TAMS 0x0000000704a00000, 0x0000000704a00000| Untracked 
|  45|0x0000000704b00000, 0x0000000704b00000, 0x0000000704c00000|  0%| F|  |TAMS 0x0000000704b00000, 0x0000000704b00000| Untracked 
|  46|0x0000000704c00000, 0x0000000704c00000, 0x0000000704d00000|  0%| F|  |TAMS 0x0000000704c00000, 0x0000000704c00000| Untracked 
|  47|0x0000000704d00000, 0x0000000704d00000, 0x0000000704e00000|  0%| F|  |TAMS 0x0000000704d00000, 0x0000000704d00000| Untracked 
|  48|0x0000000704e00000, 0x0000000704e00000, 0x0000000704f00000|  0%| F|  |TAMS 0x0000000704e00000, 0x0000000704e00000| Untracked 
|  49|0x0000000704f00000, 0x0000000704f00000, 0x0000000705000000|  0%| F|  |TAMS 0x0000000704f00000, 0x0000000704f00000| Untracked 
|  50|0x0000000705000000, 0x0000000705000000, 0x0000000705100000|  0%| F|  |TAMS 0x0000000705000000, 0x0000000705000000| Untracked 
|  51|0x0000000705100000, 0x0000000705100000, 0x0000000705200000|  0%| F|  |TAMS 0x0000000705100000, 0x0000000705100000| Untracked 
|  52|0x0000000705200000, 0x0000000705200000, 0x0000000705300000|  0%| F|  |TAMS 0x0000000705200000, 0x0000000705200000| Untracked 
|  53|0x0000000705300000, 0x0000000705300000, 0x0000000705400000|  0%| F|  |TAMS 0x0000000705300000, 0x0000000705300000| Untracked 
|  54|0x0000000705400000, 0x0000000705400000, 0x0000000705500000|  0%| F|  |TAMS 0x0000000705400000, 0x0000000705400000| Untracked 
|  55|0x0000000705500000, 0x0000000705500000, 0x0000000705600000|  0%| F|  |TAMS 0x0000000705500000, 0x0000000705500000| Untracked 
|  56|0x0000000705600000, 0x0000000705600000, 0x0000000705700000|  0%| F|  |TAMS 0x0000000705600000, 0x0000000705600000| Untracked 
|  57|0x0000000705700000, 0x0000000705700000, 0x0000000705800000|  0%| F|  |TAMS 0x0000000705700000, 0x0000000705700000| Untracked 
|  58|0x0000000705800000, 0x0000000705800000, 0x0000000705900000|  0%| F|  |TAMS 0x0000000705800000, 0x0000000705800000| Untracked 
|  59|0x0000000705900000, 0x0000000705900000, 0x0000000705a00000|  0%| F|  |TAMS 0x0000000705900000, 0x0000000705900000| Untracked 
|  60|0x0000000705a00000, 0x0000000705a00000, 0x0000000705b00000|  0%| F|  |TAMS 0x0000000705a00000, 0x0000000705a00000| Untracked 
|  61|0x0000000705b00000, 0x0000000705b00000, 0x0000000705c00000|  0%| F|  |TAMS 0x0000000705b00000, 0x0000000705b00000| Untracked 
|  62|0x0000000705c00000, 0x0000000705c00000, 0x0000000705d00000|  0%| F|  |TAMS 0x0000000705c00000, 0x0000000705c00000| Untracked 
|  63|0x0000000705d00000, 0x0000000705d00000, 0x0000000705e00000|  0%| F|  |TAMS 0x0000000705d00000, 0x0000000705d00000| Untracked 
|  64|0x0000000705e00000, 0x0000000705e00000, 0x0000000705f00000|  0%| F|  |TAMS 0x0000000705e00000, 0x0000000705e00000| Untracked 
|  65|0x0000000705f00000, 0x0000000705f00000, 0x0000000706000000|  0%| F|  |TAMS 0x0000000705f00000, 0x0000000705f00000| Untracked 
|  66|0x0000000706000000, 0x0000000706000000, 0x0000000706100000|  0%| F|  |TAMS 0x0000000706000000, 0x0000000706000000| Untracked 
|  67|0x0000000706100000, 0x0000000706100000, 0x0000000706200000|  0%| F|  |TAMS 0x0000000706100000, 0x0000000706100000| Untracked 
|  68|0x0000000706200000, 0x0000000706200000, 0x0000000706300000|  0%| F|  |TAMS 0x0000000706200000, 0x0000000706200000| Untracked 
|  69|0x0000000706300000, 0x0000000706300000, 0x0000000706400000|  0%| F|  |TAMS 0x0000000706300000, 0x0000000706300000| Untracked 
|  70|0x0000000706400000, 0x0000000706400000, 0x0000000706500000|  0%| F|  |TAMS 0x0000000706400000, 0x0000000706400000| Untracked 
|  71|0x0000000706500000, 0x0000000706500000, 0x0000000706600000|  0%| F|  |TAMS 0x0000000706500000, 0x0000000706500000| Untracked 
|  72|0x0000000706600000, 0x0000000706600000, 0x0000000706700000|  0%| F|  |TAMS 0x0000000706600000, 0x0000000706600000| Untracked 
|  73|0x0000000706700000, 0x0000000706700000, 0x0000000706800000|  0%| F|  |TAMS 0x0000000706700000, 0x0000000706700000| Untracked 
|  74|0x0000000706800000, 0x0000000706800000, 0x0000000706900000|  0%| F|  |TAMS 0x0000000706800000, 0x0000000706800000| Untracked 
|  75|0x0000000706900000, 0x0000000706900000, 0x0000000706a00000|  0%| F|  |TAMS 0x0000000706900000, 0x0000000706900000| Untracked 
|  76|0x0000000706a00000, 0x0000000706a00000, 0x0000000706b00000|  0%| F|  |TAMS 0x0000000706a00000, 0x0000000706a00000| Untracked 
|  77|0x0000000706b00000, 0x0000000706b00000, 0x0000000706c00000|  0%| F|  |TAMS 0x0000000706b00000, 0x0000000706b00000| Untracked 
|  78|0x0000000706c00000, 0x0000000706c00000, 0x0000000706d00000|  0%| F|  |TAMS 0x0000000706c00000, 0x0000000706c00000| Untracked 
|  79|0x0000000706d00000, 0x0000000706d00000, 0x0000000706e00000|  0%| F|  |TAMS 0x0000000706d00000, 0x0000000706d00000| Untracked 
|  80|0x0000000706e00000, 0x0000000706e00000, 0x0000000706f00000|  0%| F|  |TAMS 0x0000000706e00000, 0x0000000706e00000| Untracked 
|  81|0x0000000706f00000, 0x0000000706f00000, 0x0000000707000000|  0%| F|  |TAMS 0x0000000706f00000, 0x0000000706f00000| Untracked 
|  82|0x0000000707000000, 0x0000000707000000, 0x0000000707100000|  0%| F|  |TAMS 0x0000000707000000, 0x0000000707000000| Untracked 
|  83|0x0000000707100000, 0x0000000707100000, 0x0000000707200000|  0%| F|  |TAMS 0x0000000707100000, 0x0000000707100000| Untracked 
|  84|0x0000000707200000, 0x0000000707200000, 0x0000000707300000|  0%| F|  |TAMS 0x0000000707200000, 0x0000000707200000| Untracked 
|  85|0x0000000707300000, 0x0000000707300000, 0x0000000707400000|  0%| F|  |TAMS 0x0000000707300000, 0x0000000707300000| Untracked 
|  86|0x0000000707400000, 0x0000000707400000, 0x0000000707500000|  0%| F|  |TAMS 0x0000000707400000, 0x0000000707400000| Untracked 
|  87|0x0000000707500000, 0x0000000707500000, 0x0000000707600000|  0%| F|  |TAMS 0x0000000707500000, 0x0000000707500000| Untracked 
|  88|0x0000000707600000, 0x0000000707600000, 0x0000000707700000|  0%| F|  |TAMS 0x0000000707600000, 0x0000000707600000| Untracked 
|  89|0x0000000707700000, 0x0000000707700000, 0x0000000707800000|  0%| F|  |TAMS 0x0000000707700000, 0x0000000707700000| Untracked 
|  90|0x0000000707800000, 0x0000000707800000, 0x0000000707900000|  0%| F|  |TAMS 0x0000000707800000, 0x0000000707800000| Untracked 
|  91|0x0000000707900000, 0x0000000707900000, 0x0000000707a00000|  0%| F|  |TAMS 0x0000000707900000, 0x0000000707900000| Untracked 
|  92|0x0000000707a00000, 0x0000000707a00000, 0x0000000707b00000|  0%| F|  |TAMS 0x0000000707a00000, 0x0000000707a00000| Untracked 
|  93|0x0000000707b00000, 0x0000000707b00000, 0x0000000707c00000|  0%| F|  |TAMS 0x0000000707b00000, 0x0000000707b00000| Untracked 
|  94|0x0000000707c00000, 0x0000000707c00000, 0x0000000707d00000|  0%| F|  |TAMS 0x0000000707c00000, 0x0000000707c00000| Untracked 
|  95|0x0000000707d00000, 0x0000000707d00000, 0x0000000707e00000|  0%| F|  |TAMS 0x0000000707d00000, 0x0000000707d00000| Untracked 
|  96|0x0000000707e00000, 0x0000000707e00000, 0x0000000707f00000|  0%| F|  |TAMS 0x0000000707e00000, 0x0000000707e00000| Untracked 
|  97|0x0000000707f00000, 0x0000000707f00000, 0x0000000708000000|  0%| F|  |TAMS 0x0000000707f00000, 0x0000000707f00000| Untracked 
|  98|0x0000000708000000, 0x0000000708000000, 0x0000000708100000|  0%| F|  |TAMS 0x0000000708000000, 0x0000000708000000| Untracked 
|  99|0x0000000708100000, 0x0000000708100000, 0x0000000708200000|  0%| F|  |TAMS 0x0000000708100000, 0x0000000708100000| Untracked 
| 100|0x0000000708200000, 0x0000000708200000, 0x0000000708300000|  0%| F|  |TAMS 0x0000000708200000, 0x0000000708200000| Untracked 
| 101|0x0000000708300000, 0x0000000708300000, 0x0000000708400000|  0%| F|  |TAMS 0x0000000708300000, 0x0000000708300000| Untracked 
| 102|0x0000000708400000, 0x0000000708400000, 0x0000000708500000|  0%| F|  |TAMS 0x0000000708400000, 0x0000000708400000| Untracked 
| 103|0x0000000708500000, 0x0000000708500000, 0x0000000708600000|  0%| F|  |TAMS 0x0000000708500000, 0x0000000708500000| Untracked 
| 104|0x0000000708600000, 0x0000000708600000, 0x0000000708700000|  0%| F|  |TAMS 0x0000000708600000, 0x0000000708600000| Untracked 
| 105|0x0000000708700000, 0x0000000708700000, 0x0000000708800000|  0%| F|  |TAMS 0x0000000708700000, 0x0000000708700000| Untracked 
| 106|0x0000000708800000, 0x0000000708800000, 0x0000000708900000|  0%| F|  |TAMS 0x0000000708800000, 0x0000000708800000| Untracked 
| 107|0x0000000708900000, 0x0000000708900000, 0x0000000708a00000|  0%| F|  |TAMS 0x0000000708900000, 0x0000000708900000| Untracked 
| 108|0x0000000708a00000, 0x0000000708a00000, 0x0000000708b00000|  0%| F|  |TAMS 0x0000000708a00000, 0x0000000708a00000| Untracked 
| 109|0x0000000708b00000, 0x0000000708b00000, 0x0000000708c00000|  0%| F|  |TAMS 0x0000000708b00000, 0x0000000708b00000| Untracked 
| 110|0x0000000708c00000, 0x0000000708c00000, 0x0000000708d00000|  0%| F|  |TAMS 0x0000000708c00000, 0x0000000708c00000| Untracked 
| 111|0x0000000708d00000, 0x0000000708d00000, 0x0000000708e00000|  0%| F|  |TAMS 0x0000000708d00000, 0x0000000708d00000| Untracked 
| 112|0x0000000708e00000, 0x0000000708e00000, 0x0000000708f00000|  0%| F|  |TAMS 0x0000000708e00000, 0x0000000708e00000| Untracked 
| 113|0x0000000708f00000, 0x0000000708f00000, 0x0000000709000000|  0%| F|  |TAMS 0x0000000708f00000, 0x0000000708f00000| Untracked 
| 114|0x0000000709000000, 0x0000000709000000, 0x0000000709100000|  0%| F|  |TAMS 0x0000000709000000, 0x0000000709000000| Untracked 
| 115|0x0000000709100000, 0x0000000709100000, 0x0000000709200000|  0%| F|  |TAMS 0x0000000709100000, 0x0000000709100000| Untracked 
| 116|0x0000000709200000, 0x0000000709200000, 0x0000000709300000|  0%| F|  |TAMS 0x0000000709200000, 0x0000000709200000| Untracked 
| 117|0x0000000709300000, 0x0000000709300000, 0x0000000709400000|  0%| F|  |TAMS 0x0000000709300000, 0x0000000709300000| Untracked 
| 118|0x0000000709400000, 0x0000000709400000, 0x0000000709500000|  0%| F|  |TAMS 0x0000000709400000, 0x0000000709400000| Untracked 
| 119|0x0000000709500000, 0x0000000709500000, 0x0000000709600000|  0%| F|  |TAMS 0x0000000709500000, 0x0000000709500000| Untracked 
| 120|0x0000000709600000, 0x0000000709600000, 0x0000000709700000|  0%| F|  |TAMS 0x0000000709600000, 0x0000000709600000| Untracked 
| 121|0x0000000709700000, 0x0000000709700000, 0x0000000709800000|  0%| F|  |TAMS 0x0000000709700000, 0x0000000709700000| Untracked 
| 122|0x0000000709800000, 0x0000000709800000, 0x0000000709900000|  0%| F|  |TAMS 0x0000000709800000, 0x0000000709800000| Untracked 
| 123|0x0000000709900000, 0x0000000709900000, 0x0000000709a00000|  0%| F|  |TAMS 0x0000000709900000, 0x0000000709900000| Untracked 
| 124|0x0000000709a00000, 0x0000000709a00000, 0x0000000709b00000|  0%| F|  |TAMS 0x0000000709a00000, 0x0000000709a00000| Untracked 
| 125|0x0000000709b00000, 0x0000000709b00000, 0x0000000709c00000|  0%| F|  |TAMS 0x0000000709b00000, 0x0000000709b00000| Untracked 
| 126|0x0000000709c00000, 0x0000000709c00000, 0x0000000709d00000|  0%| F|  |TAMS 0x0000000709c00000, 0x0000000709c00000| Untracked 
| 127|0x0000000709d00000, 0x0000000709d00000, 0x0000000709e00000|  0%| F|  |TAMS 0x0000000709d00000, 0x0000000709d00000| Untracked 
| 128|0x0000000709e00000, 0x0000000709e00000, 0x0000000709f00000|  0%| F|  |TAMS 0x0000000709e00000, 0x0000000709e00000| Untracked 
| 129|0x0000000709f00000, 0x0000000709f00000, 0x000000070a000000|  0%| F|  |TAMS 0x0000000709f00000, 0x0000000709f00000| Untracked 
| 130|0x000000070a000000, 0x000000070a000000, 0x000000070a100000|  0%| F|  |TAMS 0x000000070a000000, 0x000000070a000000| Untracked 
| 131|0x000000070a100000, 0x000000070a100000, 0x000000070a200000|  0%| F|  |TAMS 0x000000070a100000, 0x000000070a100000| Untracked 
| 132|0x000000070a200000, 0x000000070a200000, 0x000000070a300000|  0%| F|  |TAMS 0x000000070a200000, 0x000000070a200000| Untracked 
| 133|0x000000070a300000, 0x000000070a300000, 0x000000070a400000|  0%| F|  |TAMS 0x000000070a300000, 0x000000070a300000| Untracked 
| 134|0x000000070a400000, 0x000000070a400000, 0x000000070a500000|  0%| F|  |TAMS 0x000000070a400000, 0x000000070a400000| Untracked 
| 135|0x000000070a500000, 0x000000070a500000, 0x000000070a600000|  0%| F|  |TAMS 0x000000070a500000, 0x000000070a500000| Untracked 
| 136|0x000000070a600000, 0x000000070a600000, 0x000000070a700000|  0%| F|  |TAMS 0x000000070a600000, 0x000000070a600000| Untracked 
| 137|0x000000070a700000, 0x000000070a700000, 0x000000070a800000|  0%| F|  |TAMS 0x000000070a700000, 0x000000070a700000| Untracked 
| 138|0x000000070a800000, 0x000000070a800000, 0x000000070a900000|  0%| F|  |TAMS 0x000000070a800000, 0x000000070a800000| Untracked 
| 139|0x000000070a900000, 0x000000070a900000, 0x000000070aa00000|  0%| F|  |TAMS 0x000000070a900000, 0x000000070a900000| Untracked 
| 140|0x000000070aa00000, 0x000000070aa00000, 0x000000070ab00000|  0%| F|  |TAMS 0x000000070aa00000, 0x000000070aa00000| Untracked 
| 141|0x000000070ab00000, 0x000000070ab00000, 0x000000070ac00000|  0%| F|  |TAMS 0x000000070ab00000, 0x000000070ab00000| Untracked 
| 142|0x000000070ac00000, 0x000000070ac00000, 0x000000070ad00000|  0%| F|  |TAMS 0x000000070ac00000, 0x000000070ac00000| Untracked 
| 143|0x000000070ad00000, 0x000000070ad00000, 0x000000070ae00000|  0%| F|  |TAMS 0x000000070ad00000, 0x000000070ad00000| Untracked 
| 144|0x000000070ae00000, 0x000000070ae00000, 0x000000070af00000|  0%| F|  |TAMS 0x000000070ae00000, 0x000000070ae00000| Untracked 
| 145|0x000000070af00000, 0x000000070af00000, 0x000000070b000000|  0%| F|  |TAMS 0x000000070af00000, 0x000000070af00000| Untracked 
| 146|0x000000070b000000, 0x000000070b000000, 0x000000070b100000|  0%| F|  |TAMS 0x000000070b000000, 0x000000070b000000| Untracked 
| 147|0x000000070b100000, 0x000000070b100000, 0x000000070b200000|  0%| F|  |TAMS 0x000000070b100000, 0x000000070b100000| Untracked 
| 148|0x000000070b200000, 0x000000070b200000, 0x000000070b300000|  0%| F|  |TAMS 0x000000070b200000, 0x000000070b200000| Untracked 
| 149|0x000000070b300000, 0x000000070b300000, 0x000000070b400000|  0%| F|  |TAMS 0x000000070b300000, 0x000000070b300000| Untracked 
| 150|0x000000070b400000, 0x000000070b400000, 0x000000070b500000|  0%| F|  |TAMS 0x000000070b400000, 0x000000070b400000| Untracked 
| 151|0x000000070b500000, 0x000000070b500000, 0x000000070b600000|  0%| F|  |TAMS 0x000000070b500000, 0x000000070b500000| Untracked 
| 152|0x000000070b600000, 0x000000070b600000, 0x000000070b700000|  0%| F|  |TAMS 0x000000070b600000, 0x000000070b600000| Untracked 
| 153|0x000000070b700000, 0x000000070b700000, 0x000000070b800000|  0%| F|  |TAMS 0x000000070b700000, 0x000000070b700000| Untracked 
| 154|0x000000070b800000, 0x000000070b800000, 0x000000070b900000|  0%| F|  |TAMS 0x000000070b800000, 0x000000070b800000| Untracked 
| 155|0x000000070b900000, 0x000000070b900000, 0x000000070ba00000|  0%| F|  |TAMS 0x000000070b900000, 0x000000070b900000| Untracked 
| 156|0x000000070ba00000, 0x000000070ba00000, 0x000000070bb00000|  0%| F|  |TAMS 0x000000070ba00000, 0x000000070ba00000| Untracked 
| 157|0x000000070bb00000, 0x000000070bb00000, 0x000000070bc00000|  0%| F|  |TAMS 0x000000070bb00000, 0x000000070bb00000| Untracked 
| 158|0x000000070bc00000, 0x000000070bc00000, 0x000000070bd00000|  0%| F|  |TAMS 0x000000070bc00000, 0x000000070bc00000| Untracked 
| 159|0x000000070bd00000, 0x000000070bd00000, 0x000000070be00000|  0%| F|  |TAMS 0x000000070bd00000, 0x000000070bd00000| Untracked 
| 160|0x000000070be00000, 0x000000070be00000, 0x000000070bf00000|  0%| F|  |TAMS 0x000000070be00000, 0x000000070be00000| Untracked 
| 161|0x000000070bf00000, 0x000000070bf00000, 0x000000070c000000|  0%| F|  |TAMS 0x000000070bf00000, 0x000000070bf00000| Untracked 
| 162|0x000000070c000000, 0x000000070c000000, 0x000000070c100000|  0%| F|  |TAMS 0x000000070c000000, 0x000000070c000000| Untracked 
| 163|0x000000070c100000, 0x000000070c100000, 0x000000070c200000|  0%| F|  |TAMS 0x000000070c100000, 0x000000070c100000| Untracked 
| 164|0x000000070c200000, 0x000000070c200000, 0x000000070c300000|  0%| F|  |TAMS 0x000000070c200000, 0x000000070c200000| Untracked 
| 165|0x000000070c300000, 0x000000070c300000, 0x000000070c400000|  0%| F|  |TAMS 0x000000070c300000, 0x000000070c300000| Untracked 
| 166|0x000000070c400000, 0x000000070c400000, 0x000000070c500000|  0%| F|  |TAMS 0x000000070c400000, 0x000000070c400000| Untracked 
| 167|0x000000070c500000, 0x000000070c500000, 0x000000070c600000|  0%| F|  |TAMS 0x000000070c500000, 0x000000070c500000| Untracked 
| 168|0x000000070c600000, 0x000000070c600000, 0x000000070c700000|  0%| F|  |TAMS 0x000000070c600000, 0x000000070c600000| Untracked 
| 169|0x000000070c700000, 0x000000070c700000, 0x000000070c800000|  0%| F|  |TAMS 0x000000070c700000, 0x000000070c700000| Untracked 
| 170|0x000000070c800000, 0x000000070c800000, 0x000000070c900000|  0%| F|  |TAMS 0x000000070c800000, 0x000000070c800000| Untracked 
| 171|0x000000070c900000, 0x000000070c900000, 0x000000070ca00000|  0%| F|  |TAMS 0x000000070c900000, 0x000000070c900000| Untracked 
| 172|0x000000070ca00000, 0x000000070ca00000, 0x000000070cb00000|  0%| F|  |TAMS 0x000000070ca00000, 0x000000070ca00000| Untracked 
| 173|0x000000070cb00000, 0x000000070cb00000, 0x000000070cc00000|  0%| F|  |TAMS 0x000000070cb00000, 0x000000070cb00000| Untracked 
| 174|0x000000070cc00000, 0x000000070cc00000, 0x000000070cd00000|  0%| F|  |TAMS 0x000000070cc00000, 0x000000070cc00000| Untracked 
| 175|0x000000070cd00000, 0x000000070cd00000, 0x000000070ce00000|  0%| F|  |TAMS 0x000000070cd00000, 0x000000070cd00000| Untracked 
| 176|0x000000070ce00000, 0x000000070ce00000, 0x000000070cf00000|  0%| F|  |TAMS 0x000000070ce00000, 0x000000070ce00000| Untracked 
| 177|0x000000070cf00000, 0x000000070cf00000, 0x000000070d000000|  0%| F|  |TAMS 0x000000070cf00000, 0x000000070cf00000| Untracked 
| 178|0x000000070d000000, 0x000000070d000000, 0x000000070d100000|  0%| F|  |TAMS 0x000000070d000000, 0x000000070d000000| Untracked 
| 179|0x000000070d100000, 0x000000070d100000, 0x000000070d200000|  0%| F|  |TAMS 0x000000070d100000, 0x000000070d100000| Untracked 
| 180|0x000000070d200000, 0x000000070d200000, 0x000000070d300000|  0%| F|  |TAMS 0x000000070d200000, 0x000000070d200000| Untracked 
| 181|0x000000070d300000, 0x000000070d300000, 0x000000070d400000|  0%| F|  |TAMS 0x000000070d300000, 0x000000070d300000| Untracked 
| 182|0x000000070d400000, 0x000000070d400000, 0x000000070d500000|  0%| F|  |TAMS 0x000000070d400000, 0x000000070d400000| Untracked 
| 183|0x000000070d500000, 0x000000070d500000, 0x000000070d600000|  0%| F|  |TAMS 0x000000070d500000, 0x000000070d500000| Untracked 
| 184|0x000000070d600000, 0x000000070d600000, 0x000000070d700000|  0%| F|  |TAMS 0x000000070d600000, 0x000000070d600000| Untracked 
| 185|0x000000070d700000, 0x000000070d700000, 0x000000070d800000|  0%| F|  |TAMS 0x000000070d700000, 0x000000070d700000| Untracked 
| 186|0x000000070d800000, 0x000000070d800000, 0x000000070d900000|  0%| F|  |TAMS 0x000000070d800000, 0x000000070d800000| Untracked 
| 187|0x000000070d900000, 0x000000070d900000, 0x000000070da00000|  0%| F|  |TAMS 0x000000070d900000, 0x000000070d900000| Untracked 
| 188|0x000000070da00000, 0x000000070da00000, 0x000000070db00000|  0%| F|  |TAMS 0x000000070da00000, 0x000000070da00000| Untracked 
| 189|0x000000070db00000, 0x000000070db00000, 0x000000070dc00000|  0%| F|  |TAMS 0x000000070db00000, 0x000000070db00000| Untracked 
| 190|0x000000070dc00000, 0x000000070dc00000, 0x000000070dd00000|  0%| F|  |TAMS 0x000000070dc00000, 0x000000070dc00000| Untracked 
| 191|0x000000070dd00000, 0x000000070dd00000, 0x000000070de00000|  0%| F|  |TAMS 0x000000070dd00000, 0x000000070dd00000| Untracked 
| 192|0x000000070de00000, 0x000000070de00000, 0x000000070df00000|  0%| F|  |TAMS 0x000000070de00000, 0x000000070de00000| Untracked 
| 193|0x000000070df00000, 0x000000070df00000, 0x000000070e000000|  0%| F|  |TAMS 0x000000070df00000, 0x000000070df00000| Untracked 
| 194|0x000000070e000000, 0x000000070e000000, 0x000000070e100000|  0%| F|  |TAMS 0x000000070e000000, 0x000000070e000000| Untracked 
| 195|0x000000070e100000, 0x000000070e100000, 0x000000070e200000|  0%| F|  |TAMS 0x000000070e100000, 0x000000070e100000| Untracked 
| 196|0x000000070e200000, 0x000000070e200000, 0x000000070e300000|  0%| F|  |TAMS 0x000000070e200000, 0x000000070e200000| Untracked 
| 197|0x000000070e300000, 0x000000070e300000, 0x000000070e400000|  0%| F|  |TAMS 0x000000070e300000, 0x000000070e300000| Untracked 
| 198|0x000000070e400000, 0x000000070e400000, 0x000000070e500000|  0%| F|  |TAMS 0x000000070e400000, 0x000000070e400000| Untracked 
| 199|0x000000070e500000, 0x000000070e500000, 0x000000070e600000|  0%| F|  |TAMS 0x000000070e500000, 0x000000070e500000| Untracked 
| 200|0x000000070e600000, 0x000000070e600000, 0x000000070e700000|  0%| F|  |TAMS 0x000000070e600000, 0x000000070e600000| Untracked 
| 201|0x000000070e700000, 0x000000070e700000, 0x000000070e800000|  0%| F|  |TAMS 0x000000070e700000, 0x000000070e700000| Untracked 
| 202|0x000000070e800000, 0x000000070e800000, 0x000000070e900000|  0%| F|  |TAMS 0x000000070e800000, 0x000000070e800000| Untracked 
| 203|0x000000070e900000, 0x000000070e900000, 0x000000070ea00000|  0%| F|  |TAMS 0x000000070e900000, 0x000000070e900000| Untracked 
| 204|0x000000070ea00000, 0x000000070ea00000, 0x000000070eb00000|  0%| F|  |TAMS 0x000000070ea00000, 0x000000070ea00000| Untracked 
| 205|0x000000070eb00000, 0x000000070eb00000, 0x000000070ec00000|  0%| F|  |TAMS 0x000000070eb00000, 0x000000070eb00000| Untracked 
| 206|0x000000070ec00000, 0x000000070ec00000, 0x000000070ed00000|  0%| F|  |TAMS 0x000000070ec00000, 0x000000070ec00000| Untracked 
| 207|0x000000070ed00000, 0x000000070ed00000, 0x000000070ee00000|  0%| F|  |TAMS 0x000000070ed00000, 0x000000070ed00000| Untracked 
| 208|0x000000070ee00000, 0x000000070ee00000, 0x000000070ef00000|  0%| F|  |TAMS 0x000000070ee00000, 0x000000070ee00000| Untracked 
| 209|0x000000070ef00000, 0x000000070ef00000, 0x000000070f000000|  0%| F|  |TAMS 0x000000070ef00000, 0x000000070ef00000| Untracked 
| 210|0x000000070f000000, 0x000000070f000000, 0x000000070f100000|  0%| F|  |TAMS 0x000000070f000000, 0x000000070f000000| Untracked 
| 211|0x000000070f100000, 0x000000070f100000, 0x000000070f200000|  0%| F|  |TAMS 0x000000070f100000, 0x000000070f100000| Untracked 
| 212|0x000000070f200000, 0x000000070f200000, 0x000000070f300000|  0%| F|  |TAMS 0x000000070f200000, 0x000000070f200000| Untracked 
| 213|0x000000070f300000, 0x000000070f300000, 0x000000070f400000|  0%| F|  |TAMS 0x000000070f300000, 0x000000070f300000| Untracked 
| 214|0x000000070f400000, 0x000000070f400000, 0x000000070f500000|  0%| F|  |TAMS 0x000000070f400000, 0x000000070f400000| Untracked 
| 215|0x000000070f500000, 0x000000070f500000, 0x000000070f600000|  0%| F|  |TAMS 0x000000070f500000, 0x000000070f500000| Untracked 
| 216|0x000000070f600000, 0x000000070f600000, 0x000000070f700000|  0%| F|  |TAMS 0x000000070f600000, 0x000000070f600000| Untracked 
| 217|0x000000070f700000, 0x000000070f700000, 0x000000070f800000|  0%| F|  |TAMS 0x000000070f700000, 0x000000070f700000| Untracked 
| 218|0x000000070f800000, 0x000000070f800000, 0x000000070f900000|  0%| F|  |TAMS 0x000000070f800000, 0x000000070f800000| Untracked 
| 219|0x000000070f900000, 0x000000070f900000, 0x000000070fa00000|  0%| F|  |TAMS 0x000000070f900000, 0x000000070f900000| Untracked 
| 220|0x000000070fa00000, 0x000000070fa00000, 0x000000070fb00000|  0%| F|  |TAMS 0x000000070fa00000, 0x000000070fa00000| Untracked 
| 221|0x000000070fb00000, 0x000000070fb00000, 0x000000070fc00000|  0%| F|  |TAMS 0x000000070fb00000, 0x000000070fb00000| Untracked 
| 222|0x000000070fc00000, 0x000000070fc00000, 0x000000070fd00000|  0%| F|  |TAMS 0x000000070fc00000, 0x000000070fc00000| Untracked 
| 223|0x000000070fd00000, 0x000000070fd00000, 0x000000070fe00000|  0%| F|  |TAMS 0x000000070fd00000, 0x000000070fd00000| Untracked 
| 224|0x000000070fe00000, 0x000000070fe00000, 0x000000070ff00000|  0%| F|  |TAMS 0x000000070fe00000, 0x000000070fe00000| Untracked 
| 225|0x000000070ff00000, 0x000000070ff00000, 0x0000000710000000|  0%| F|  |TAMS 0x000000070ff00000, 0x000000070ff00000| Untracked 
| 226|0x0000000710000000, 0x0000000710000000, 0x0000000710100000|  0%| F|  |TAMS 0x0000000710000000, 0x0000000710000000| Untracked 
| 227|0x0000000710100000, 0x0000000710100000, 0x0000000710200000|  0%| F|  |TAMS 0x0000000710100000, 0x0000000710100000| Untracked 
| 228|0x0000000710200000, 0x0000000710200000, 0x0000000710300000|  0%| F|  |TAMS 0x0000000710200000, 0x0000000710200000| Untracked 
| 229|0x0000000710300000, 0x0000000710300000, 0x0000000710400000|  0%| F|  |TAMS 0x0000000710300000, 0x0000000710300000| Untracked 
| 230|0x0000000710400000, 0x0000000710400000, 0x0000000710500000|  0%| F|  |TAMS 0x0000000710400000, 0x0000000710400000| Untracked 
| 231|0x0000000710500000, 0x0000000710500000, 0x0000000710600000|  0%| F|  |TAMS 0x0000000710500000, 0x0000000710500000| Untracked 
| 232|0x0000000710600000, 0x0000000710600000, 0x0000000710700000|  0%| F|  |TAMS 0x0000000710600000, 0x0000000710600000| Untracked 
| 233|0x0000000710700000, 0x0000000710700000, 0x0000000710800000|  0%| F|  |TAMS 0x0000000710700000, 0x0000000710700000| Untracked 
| 234|0x0000000710800000, 0x0000000710800000, 0x0000000710900000|  0%| F|  |TAMS 0x0000000710800000, 0x0000000710800000| Untracked 
| 235|0x0000000710900000, 0x0000000710900000, 0x0000000710a00000|  0%| F|  |TAMS 0x0000000710900000, 0x0000000710900000| Untracked 
| 236|0x0000000710a00000, 0x0000000710a00000, 0x0000000710b00000|  0%| F|  |TAMS 0x0000000710a00000, 0x0000000710a00000| Untracked 
| 237|0x0000000710b00000, 0x0000000710b00000, 0x0000000710c00000|  0%| F|  |TAMS 0x0000000710b00000, 0x0000000710b00000| Untracked 
| 238|0x0000000710c00000, 0x0000000710c00000, 0x0000000710d00000|  0%| F|  |TAMS 0x0000000710c00000, 0x0000000710c00000| Untracked 
| 239|0x0000000710d00000, 0x0000000710d00000, 0x0000000710e00000|  0%| F|  |TAMS 0x0000000710d00000, 0x0000000710d00000| Untracked 
| 240|0x0000000710e00000, 0x0000000710e00000, 0x0000000710f00000|  0%| F|  |TAMS 0x0000000710e00000, 0x0000000710e00000| Untracked 
| 241|0x0000000710f00000, 0x0000000710f00000, 0x0000000711000000|  0%| F|  |TAMS 0x0000000710f00000, 0x0000000710f00000| Untracked 
| 242|0x0000000711000000, 0x0000000711000000, 0x0000000711100000|  0%| F|  |TAMS 0x0000000711000000, 0x0000000711000000| Untracked 
| 243|0x0000000711100000, 0x0000000711100000, 0x0000000711200000|  0%| F|  |TAMS 0x0000000711100000, 0x0000000711100000| Untracked 
| 244|0x0000000711200000, 0x0000000711200000, 0x0000000711300000|  0%| F|  |TAMS 0x0000000711200000, 0x0000000711200000| Untracked 
| 245|0x0000000711300000, 0x0000000711300000, 0x0000000711400000|  0%| F|  |TAMS 0x0000000711300000, 0x0000000711300000| Untracked 
| 246|0x0000000711400000, 0x0000000711400000, 0x0000000711500000|  0%| F|  |TAMS 0x0000000711400000, 0x0000000711400000| Untracked 
| 247|0x0000000711500000, 0x0000000711500000, 0x0000000711600000|  0%| F|  |TAMS 0x0000000711500000, 0x0000000711500000| Untracked 
| 248|0x0000000711600000, 0x0000000711600000, 0x0000000711700000|  0%| F|  |TAMS 0x0000000711600000, 0x0000000711600000| Untracked 
| 249|0x0000000711700000, 0x0000000711700000, 0x0000000711800000|  0%| F|  |TAMS 0x0000000711700000, 0x0000000711700000| Untracked 
| 250|0x0000000711800000, 0x000000071187b640, 0x0000000711900000| 48%| E|  |TAMS 0x0000000711800000, 0x0000000711800000| Complete 
| 251|0x0000000711900000, 0x0000000711a00000, 0x0000000711a00000|100%| E|CS|TAMS 0x0000000711900000, 0x0000000711900000| Complete 
| 252|0x0000000711a00000, 0x0000000711b00000, 0x0000000711b00000|100%| E|CS|TAMS 0x0000000711a00000, 0x0000000711a00000| Complete 
| 253|0x0000000711b00000, 0x0000000711c00000, 0x0000000711c00000|100%| E|CS|TAMS 0x0000000711b00000, 0x0000000711b00000| Complete 
| 254|0x0000000711c00000, 0x0000000711d00000, 0x0000000711d00000|100%| E|CS|TAMS 0x0000000711c00000, 0x0000000711c00000| Complete 
| 255|0x0000000711d00000, 0x0000000711e00000, 0x0000000711e00000|100%| E|CS|TAMS 0x0000000711d00000, 0x0000000711d00000| Complete 

Card table byte_map: [0x000002a077a40000,0x000002a078240000] _byte_map_base: 0x000002a074231000

Marking Bits (Prev, Next): (CMBitMap*) 0x000002a06e309cf8, (CMBitMap*) 0x000002a06e309d38
 Prev Bits: [0x000002a078a40000, 0x000002a07c9c8000)
 Next Bits: [0x000002a00f000000, 0x000002a012f88000)

Polling page: 0x000002a06e380000

Metaspace:

Usage:
  Non-class:      4.60 MB capacity,     1.95 MB ( 42%) used,     2.65 MB ( 58%) free+waste,     5.75 KB ( <1%) overhead. 
      Class:    532.00 KB capacity,   247.16 KB ( 46%) used,   281.71 KB ( 53%) free+waste,     3.13 KB ( <1%) overhead. 
       Both:      5.12 MB capacity,     2.19 MB ( 43%) used,     2.92 MB ( 57%) free+waste,     8.88 KB ( <1%) overhead. 

Virtual space:
  Non-class space:        8.00 MB reserved,       4.75 MB ( 59%) committed 
      Class space:        1.00 GB reserved,     640.00 KB ( <1%) committed 
             Both:        1.01 GB reserved,       5.38 MB ( <1%) committed 

Chunk freelists:
   Non-Class:  21.00 KB
       Class:  12.00 KB
        Both:  33.00 KB

MaxMetaspaceSize: 17179869184.00 GB
CompressedClassSpaceSize: 1.00 GB

CodeHeap 'non-profiled nmethods': size=120000Kb used=144Kb max_used=144Kb free=119855Kb
 bounds [0x000002a007ad0000, 0x000002a007d40000, 0x000002a00f000000]
CodeHeap 'profiled nmethods': size=120000Kb used=822Kb max_used=822Kb free=119177Kb
 bounds [0x000002a0005a0000, 0x000002a000810000, 0x000002a007ad0000]
CodeHeap 'non-nmethods': size=5760Kb used=1215Kb max_used=1230Kb free=4544Kb
 bounds [0x000002a000000000, 0x000002a000270000, 0x000002a0005a0000]
 total_blobs=1182 nmethods=454 adapters=285
 compilation: enabled
              stopped_count=0, restarted_count=0
 full_count=0

Compilation events (20 events):
Event: 0.258 Thread 0x000002a07f559000 nmethod 443 0x000002a007af2090 code [0x000002a007af2220, 0x000002a007af2358]
Event: 0.258 Thread 0x000002a07f559000  445       3       java.util.jar.JarFile::maybeInstantiateVerifier (116 bytes)
Event: 0.259 Thread 0x000002a07f559000 nmethod 445 0x000002a000665410 code [0x000002a000665740, 0x000002a000666a00]
Event: 0.259 Thread 0x000002a07f559000  444       1       java.util.jar.Manifest::getMainAttributes (5 bytes)
Event: 0.259 Thread 0x000002a07f559000 nmethod 444 0x000002a007af2890 code [0x000002a007af2a20, 0x000002a007af2b58]
Event: 0.259 Thread 0x000002a07f559000  447       3       java.util.jar.Attributes::getValue (9 bytes)
Event: 0.259 Thread 0x000002a07f559000 nmethod 447 0x000002a000667110 code [0x000002a0006672e0, 0x000002a0006676b0]
Event: 0.259 Thread 0x000002a07f552800 nmethod 435 0x000002a007af2c10 code [0x000002a007af2dc0, 0x000002a007af3468]
Event: 0.260 Thread 0x000002a07f559000  448       3       java.lang.ref.WeakReference::<init> (7 bytes)
Event: 0.260 Thread 0x000002a07f559000 nmethod 448 0x000002a000667810 code [0x000002a0006679c0, 0x000002a000667d18]
Event: 0.260 Thread 0x000002a07f559000  449       3       sun.net.www.ParseUtil::encodePath (41 bytes)
Event: 0.260 Thread 0x000002a07f559000 nmethod 449 0x000002a000667e10 code [0x000002a000667fe0, 0x000002a000668290]
Event: 0.260 Thread 0x000002a07f559000  450       3       java.io.File::exists (43 bytes)
Event: 0.260 Thread 0x000002a07f559000 nmethod 450 0x000002a000668390 code [0x000002a000668580, 0x000002a000668a50]
Event: 0.260 Thread 0x000002a07f559000  451       3       java.util.zip.Inflater::ensureOpen (47 bytes)
Event: 0.261 Thread 0x000002a07f559000 nmethod 451 0x000002a000668b90 code [0x000002a000668d60, 0x000002a000669050]
Event: 0.263 Thread 0x000002a07f552800  453       4       java.lang.String::getBytes (44 bytes)
Event: 0.263 Thread 0x000002a07f559000  454       3       java.io.WinNTFileSystem::resolve (275 bytes)
Event: 0.265 Thread 0x000002a07f552800 nmethod 453 0x000002a007af3b90 code [0x000002a007af3d20, 0x000002a007af3f18]
Event: 0.266 Thread 0x000002a07f559000 nmethod 454 0x000002a000669190 code [0x000002a000669700, 0x000002a00066c5a0]

GC Heap History (0 events):
No events

Deoptimization events (10 events):
Event: 0.064 Thread 0x000002a06e29c000 Uncommon trap: trap_request=0xffffff45 fr.pc=0x000002a007ad4f4c relative=0x000000000000022c
Event: 0.064 Thread 0x000002a06e29c000 Uncommon trap: reason=unstable_if action=reinterpret pc=0x000002a007ad4f4c method=java.lang.String.hashCode()I @ 42 c2
Event: 0.064 Thread 0x000002a06e29c000 DEOPT PACKING pc=0x000002a007ad4f4c sp=0x000000bac19fdd30
Event: 0.064 Thread 0x000002a06e29c000 DEOPT UNPACKING pc=0x000002a00004912f sp=0x000000bac19fdcc8 mode 2
Event: 0.212 Thread 0x000002a06e29c000 DEOPT PACKING pc=0x000002a0005d0ff3 sp=0x000000bac19fd060
Event: 0.212 Thread 0x000002a06e29c000 DEOPT UNPACKING pc=0x000002a00004964e sp=0x000000bac19fc4c0 mode 0
Event: 0.241 Thread 0x000002a06e29c000 Uncommon trap: trap_request=0xffffff45 fr.pc=0x000002a007ae908c relative=0x00000000000002ec
Event: 0.241 Thread 0x000002a06e29c000 Uncommon trap: reason=unstable_if action=reinterpret pc=0x000002a007ae908c method=java.lang.String.startsWith(Ljava/lang/String;I)Z @ 14 c2
Event: 0.241 Thread 0x000002a06e29c000 DEOPT PACKING pc=0x000002a007ae908c sp=0x000000bac19feb10
Event: 0.241 Thread 0x000002a06e29c000 DEOPT UNPACKING pc=0x000002a00004912f sp=0x000000bac19fea80 mode 2

Classes unloaded (0 events):
No events

Classes redefined (9 events):
Event: 356.010 Thread 0x000002a07f52f000 redefined class name=ErdosNumbers, count=1
Event: 356.010 Thread 0x000002a07f52f000 redefined class name=ErdosNumbers$Author, count=1
Event: 356.010 Thread 0x000002a07f52f000 redefined class name=ErdosNumbers$Node, count=1
Event: 374.716 Thread 0x000002a07f52f000 redefined class name=ErdosNumbers, count=2
Event: 374.716 Thread 0x000002a07f52f000 redefined class name=ErdosNumbers$Author, count=2
Event: 374.716 Thread 0x000002a07f52f000 redefined class name=ErdosNumbers$Node, count=2
Event: 397.134 Thread 0x000002a07f52f000 redefined class name=ErdosNumbers, count=3
Event: 397.134 Thread 0x000002a07f52f000 redefined class name=ErdosNumbers$Author, count=3
Event: 397.134 Thread 0x000002a07f52f000 redefined class name=ErdosNumbers$Node, count=3

Internal exceptions (3 events):
Event: 0.116 Thread 0x000002a06e29c000 Exception <a 'java/io/FileNotFoundException'{0x0000000711cfed10}> (0x0000000711cfed10) 
thrown [t:/workspace/open/src/hotspot/share/prims/jni.cpp, line 598]
Event: 0.155 Thread 0x000002a06e29c000 Exception <a 'java/lang/NoSuchMethodError'{0x0000000711b8a260}: 'int java.lang.invoke.DirectMethodHandle$Holder.invokeSpecialIFC(java.lang.Object, java.lang.Object, int)'> (0x0000000711b8a260) 
thrown [t:/workspace/open/src/hotspot/share/interpreter/linkResolver.cpp, line 767]
Event: 0.216 Thread 0x000002a06e29c000 Exception <a 'java/lang/IncompatibleClassChangeError'{0x0000000711920f50}: Found class java.lang.Object, but interface was expected> (0x0000000711920f50) 
thrown [t:/workspace/open/src/hotspot/share/interpreter/linkResolver.cpp, line 833]

Events (20 events):
Event: 374.866 Executing VM operation: GetStackTrace
Event: 374.866 Executing VM operation: GetStackTrace done
Event: 374.867 Executing VM operation: GetFrameCount
Event: 374.867 Executing VM operation: GetFrameCount done
Event: 374.867 Executing VM operation: GetStackTrace
Event: 374.867 Executing VM operation: GetStackTrace done
Event: 380.291 Executing VM operation: ChangeBreakpoints
Event: 380.292 Executing VM operation: ChangeBreakpoints done
Event: 390.189 Executing VM operation: ChangeBreakpoints
Event: 390.189 Executing VM operation: ChangeBreakpoints done
Event: 397.133 Executing VM operation: RedefineClasses
Event: 397.135 Executing VM operation: RedefineClasses done
Event: 397.136 Executing VM operation: GetFrameCount
Event: 397.136 Executing VM operation: GetFrameCount done
Event: 397.136 Executing VM operation: GetFrameCount
Event: 397.136 Executing VM operation: GetFrameCount done
Event: 397.136 Executing VM operation: GetStackTrace
Event: 397.136 Executing VM operation: GetStackTrace done
Event: 397.136 Executing VM operation: GetFrameLocation
Event: 397.136 Executing VM operation: GetFrameLocation done


Dynamic libraries:
0x00007ff7a1890000 - 0x00007ff7a189f000 	C:\Program Files\Java\jdk-13.0.2\bin\java.exe
0x00007ff920250000 - 0x00007ff920446000 	C:\WINDOWS\SYSTEM32\ntdll.dll
0x00007ff91eb50000 - 0x00007ff91ec0d000 	C:\WINDOWS\System32\KERNEL32.DLL
0x00007ff91daa0000 - 0x00007ff91dd68000 	C:\WINDOWS\System32\KERNELBASE.dll
0x00007ff91d9a0000 - 0x00007ff91daa0000 	C:\WINDOWS\System32\ucrtbase.dll
0x00007ff909490000 - 0x00007ff9094a8000 	C:\Program Files\Java\jdk-13.0.2\bin\jli.dll
0x00007ff919460000 - 0x00007ff919475000 	C:\Program Files\Java\jdk-13.0.2\bin\VCRUNTIME140.dll
0x00007ff91ff10000 - 0x00007ff91ffba000 	C:\WINDOWS\System32\ADVAPI32.dll
0x00007ff91e870000 - 0x00007ff91e90e000 	C:\WINDOWS\System32\msvcrt.dll
0x00007ff91e2c0000 - 0x00007ff91e35b000 	C:\WINDOWS\System32\sechost.dll
0x00007ff91ee10000 - 0x00007ff91ef34000 	C:\WINDOWS\System32\RPCRT4.dll
0x00007ff920070000 - 0x00007ff920210000 	C:\WINDOWS\System32\USER32.dll
0x00007ff91de80000 - 0x00007ff91dea2000 	C:\WINDOWS\System32\win32u.dll
0x00007ff91ef40000 - 0x00007ff91ef6a000 	C:\WINDOWS\System32\GDI32.dll
0x00007ff901c70000 - 0x00007ff901f0b000 	C:\WINDOWS\WinSxS\amd64_microsoft.windows.common-controls_6595b64144ccf1df_6.0.19041.488_none_ca04af081b815d21\COMCTL32.dll
0x00007ff91dd70000 - 0x00007ff91de79000 	C:\WINDOWS\System32\gdi32full.dll
0x00007ff91e030000 - 0x00007ff91e0cd000 	C:\WINDOWS\System32\msvcp_win.dll
0x00007ff918230000 - 0x00007ff91823a000 	C:\WINDOWS\SYSTEM32\VERSION.dll
0x00007ff91f740000 - 0x00007ff91f770000 	C:\WINDOWS\System32\IMM32.DLL
0x00007ff903fa0000 - 0x00007ff90403b000 	C:\Program Files\Java\jdk-13.0.2\bin\msvcp140.dll
0x00007ff8eb130000 - 0x00007ff8ebc8d000 	C:\Program Files\Java\jdk-13.0.2\bin\server\jvm.dll
0x00007ff91ffe0000 - 0x00007ff91ffe8000 	C:\WINDOWS\System32\PSAPI.DLL
0x00007ff908550000 - 0x00007ff908559000 	C:\WINDOWS\SYSTEM32\WSOCK32.dll
0x00007ff9147a0000 - 0x00007ff9147c7000 	C:\WINDOWS\SYSTEM32\WINMM.dll
0x00007ff91f8a0000 - 0x00007ff91f90b000 	C:\WINDOWS\System32\WS2_32.dll
0x00007ff91c2b0000 - 0x00007ff91c2c2000 	C:\WINDOWS\SYSTEM32\kernel.appcore.dll
0x00007ff919420000 - 0x00007ff919430000 	C:\Program Files\Java\jdk-13.0.2\bin\verify.dll
0x00007ff909f40000 - 0x00007ff90a124000 	C:\WINDOWS\SYSTEM32\DBGHELP.DLL
0x00007ff909940000 - 0x00007ff90996c000 	C:\WINDOWS\SYSTEM32\dbgcore.DLL
0x00007ff91dfb0000 - 0x00007ff91e02f000 	C:\WINDOWS\System32\bcryptPrimitives.dll
0x00007ff909430000 - 0x00007ff909456000 	C:\Program Files\Java\jdk-13.0.2\bin\java.dll
0x00007ff903f60000 - 0x00007ff903f98000 	C:\Program Files\Java\jdk-13.0.2\bin\jdwp.dll
0x00007ff909410000 - 0x00007ff909427000 	C:\Program Files\Java\jdk-13.0.2\bin\zip.dll
0x00007ff919380000 - 0x00007ff91938a000 	C:\Program Files\Java\jdk-13.0.2\bin\jimage.dll
0x00007ff91ef70000 - 0x00007ff91f6b0000 	C:\WINDOWS\System32\SHELL32.dll
0x00007ff91b8c0000 - 0x00007ff91c054000 	C:\WINDOWS\SYSTEM32\windows.storage.dll
0x00007ff91e360000 - 0x00007ff91e6b5000 	C:\WINDOWS\System32\combase.dll
0x00007ff91d410000 - 0x00007ff91d43c000 	C:\WINDOWS\SYSTEM32\Wldp.dll
0x00007ff91e910000 - 0x00007ff91e9be000 	C:\WINDOWS\System32\SHCORE.dll
0x00007ff91eaf0000 - 0x00007ff91eb45000 	C:\WINDOWS\System32\shlwapi.dll
0x00007ff91d8d0000 - 0x00007ff91d8f6000 	C:\WINDOWS\SYSTEM32\profapi.dll
0x00007ff909ad0000 - 0x00007ff909adb000 	C:\Program Files\Java\jdk-13.0.2\bin\dt_socket.dll
0x00007ff91d190000 - 0x00007ff91d1fa000 	C:\WINDOWS\system32\mswsock.dll
0x00007ff9093f0000 - 0x00007ff909409000 	C:\Program Files\Java\jdk-13.0.2\bin\net.dll
0x00007ff911cf0000 - 0x00007ff911df0000 	C:\WINDOWS\SYSTEM32\WINHTTP.dll
0x00007ff909380000 - 0x00007ff909393000 	C:\Program Files\Java\jdk-13.0.2\bin\nio.dll

dbghelp: loaded successfully - version: 4.0.5 - missing functions: none
symbol engine: initialized successfully - sym options: 0x614 - pdb path: .;C:\Program Files\Java\jdk-13.0.2\bin;C:\WINDOWS\SYSTEM32;C:\WINDOWS\WinSxS\amd64_microsoft.windows.common-controls_6595b64144ccf1df_6.0.19041.488_none_ca04af081b815d21;C:\Program Files\Java\jdk-13.0.2\bin\server

VM Arguments:
jvm_args: -agentlib:jdwp=transport=dt_socket,address=127.0.0.1:56032,suspend=y,server=n -Didea.test.cyclic.buffer.size=1048576 -Dfile.encoding=UTF-8 
java_command: com.intellij.rt.execution.junit.JUnitStarter -ideVersion5 -junit4 ErdosNumbersTest,basicWeightTest
java_class_path (initial): C:\Program Files\JetBrains\IntelliJ IDEA Community Edition 2018.1.5\lib\idea_rt.jar;C:\Program Files\JetBrains\IntelliJ IDEA Community Edition 2018.1.5\plugins\junit\lib\junit-rt.jar;C:\Program Files\JetBrains\IntelliJ IDEA Community Edition 2018.1.5\plugins\junit\lib\junit5-rt.jar;C:\Users\User\Desktop\COMP3506\HW4 Support Files\out\test\HW4 Support Files;C:\Users\User\Desktop\COMP3506\HW4 Support Files\out\production\HW4 Support Files;C:\Program Files\JetBrains\IntelliJ IDEA Community Edition 2018.1.5\lib\junit-4.12.jar;C:\Program Files\JetBrains\IntelliJ IDEA Community Edition 2018.1.5\lib\hamcrest-core-1.3.jar
Launcher Type: SUN_STANDARD

[Global flags]
     intx CICompilerCount                          = 4                                         {product} {ergonomic}
     uint ConcGCThreads                            = 2                                         {product} {ergonomic}
     uint G1ConcRefinementThreads                  = 8                                         {product} {ergonomic}
   size_t G1HeapRegionSize                         = 1048576                                   {product} {ergonomic}
    uintx GCDrainStackTargetSize                   = 64                                        {product} {ergonomic}
   size_t InitialHeapSize                          = 268435456                                 {product} {ergonomic}
   size_t MarkStackSize                            = 4194304                                   {product} {ergonomic}
   size_t MaxHeapSize                              = 4263510016                                {product} {ergonomic}
   size_t MaxNewSize                               = 2557476864                                {product} {ergonomic}
   size_t MinHeapDeltaBytes                        = 1048576                                   {product} {ergonomic}
   size_t MinHeapSize                              = 8388608                                   {product} {ergonomic}
    uintx NonNMethodCodeHeapSize                   = 5839372                                {pd product} {ergonomic}
    uintx NonProfiledCodeHeapSize                  = 122909434                              {pd product} {ergonomic}
    uintx ProfiledCodeHeapSize                     = 122909434                              {pd product} {ergonomic}
    uintx ReservedCodeCacheSize                    = 251658240                              {pd product} {ergonomic}
     bool SegmentedCodeCache                       = true                                      {product} {ergonomic}
   size_t SoftMaxHeapSize                          = 4263510016                             {manageable} {ergonomic}
     bool UseCompressedClassPointers               = true                                 {lp64_product} {ergonomic}
     bool UseCompressedOops                        = true                                 {lp64_product} {ergonomic}
     bool UseG1GC                                  = true                                      {product} {ergonomic}
     bool UseLargePagesIndividualAllocation        = false                                  {pd product} {ergonomic}

Logging:
Log output configuration:
 #0: stdout all=warning uptime,level,tags
 #1: stderr all=off uptime,level,tags

Environment Variables:
PATH=C:\Program Files\Common Files\Oracle\Java\javapath;C:\Program Files\AdoptOpenJDK\jdk-8.0.222.10-hotspot\bin;C:\Program Files (x86)\Common Files\Oracle\Java\javapath;C:\Program Files (x86)\Common Files\Intel\Shared Libraries\redist\intel64\compiler;C:\Program Files (x86)\Intel\iCLS Client\;C:\ProgramData\Oracle\Java\javapath;C:\Program Files\Intel\iCLS Client\;C:\Windows\system32;C:\Windows;C:\Windows\System32\Wbem;C:\Windows\System32\WindowsPowerShell\v1.0\;C:\Program Files (x86)\Windows Live\Shared;C:\WINDOWS\system32;C:\WINDOWS;C:\WINDOWS\System32\Wbem;C:\WINDOWS\System32\WindowsPowerShell\v1.0\;C:\Program Files (x86)\GtkSharp\2.12\bin;C:\Program Files (x86)\Intel\Intel(R) Management Engine Components\DAL;C:\Program Files\Intel\Intel(R) Management Engine Components\DAL;C:\Program Files (x86)\Intel\Intel(R) Management Engine Components\IPT;C:\Program Files\Intel\Intel(R) Management Engine Components\IPT;C:\WINDOWS\System32\OpenSSH\;C:\Program Files\Microsoft VS Code\bin;C:\Program Files (x86)\Windows Kits\8.1\Windows Performance Toolkit\;C:\Program Files\NVIDIA Corporation\NVIDIA NvDLISR;C:\Program Files (x86)\NVIDIA Corporation\PhysX\Common;C:\MinGW\bin;C:\Program Files\PuTTY\;G:\Matlab\bin;C:\WINDOWS\system32;C:\WINDOWS;C:\WINDOWS\System32\Wbem;C:\WINDOWS\System32\WindowsPowerShell\v1.0\;C:\WINDOWS\System32\OpenSSH\;H:\node\;C:\Users\User\AppData\Local\Programs\Python\Python36-32\Scripts\;C:\Users\User\AppData\Local\Programs\Python\Python36-32\;C:\Users\User\AppData\Local\Microsoft\WindowsApps;C:\Users\User\AppData\Local\GitHubDesktop\bin;C:\Users\User\AppData\Local\Programs\MiKTeX 2.9\miktex\bin\x64\;C:\Program Files (x86)\Nmap;C:\Users\User\AppData\Local\Microsoft\WindowsApps;C:\Users\User\AppData\Roaming\npm;C:\Program Files\heroku\bin;
USERNAME=User
OS=Windows_NT
PROCESSOR_IDENTIFIER=Intel64 Family 6 Model 94 Stepping 3, GenuineIntel



---------------  S Y S T E M  ---------------

OS: Windows 10 , 64 bit Build 19041 (10.0.19041.546)

CPU:total 8 (initial active 8) (4 cores per cpu, 2 threads per core) family 6 model 94 stepping 3, cmov, cx8, fxsr, mmx, sse, sse2, sse3, ssse3, sse4.1, sse4.2, popcnt, avx, avx2, aes, clmul, erms, rtm, 3dnowpref, lzcnt, ht, tsc, tscinvbit, bmi1, bmi2, adx, fma

Memory: 4k page, system-wide physical 16256M (8253M free)
TotalPageFile size 17280M (AvailPageFile size 5079M)
current process WorkingSet (physical memory assigned to process): 39M, peak: 46M
current process commit charge ("private bytes"): 351M, peak: 355M

vm_info: Java HotSpot(TM) 64-Bit Server VM (13.0.2+8) for windows-amd64 JRE (13.0.2+8), built on Dec 11 2019 09:20:33 by "mach5one" with unknown MS VC++:1916

END.
