#
# A fatal error has been detected by the Java Runtime Environment:
#
#  EXCEPTION_ACCESS_VIOLATION (0xc0000005) at pc=0x000001efcc14d92f, pid=6488, tid=8528
#
# JRE version: Java(TM) SE Runtime Environment (13.0.2+8) (build 13.0.2+8)
# Java VM: Java HotSpot(TM) 64-Bit Server VM (13.0.2+8, mixed mode, sharing, tiered, compressed oops, g1 gc, windows-amd64)
# Problematic frame:
# j  ErdosNumbers.calculateWeightedErdosNumber(Ljava/lang/String;)D+182
#
# No core dump will be written. Minidumps are not enabled by default on client versions of Windows
#
# If you would like to submit a bug report, please visit:
#   http://bugreport.java.com/bugreport/crash.jsp
#

---------------  S U M M A R Y ------------

Command Line: -agentlib:jdwp=transport=dt_socket,address=127.0.0.1:58936,suspend=y,server=n -Didea.test.cyclic.buffer.size=1048576 -Dfile.encoding=UTF-8 com.intellij.rt.execution.junit.JUnitStarter -ideVersion5 -junit4 ErdosNumbersTest,basicWeightTest

Host: Intel(R) Core(TM) i7-6700K CPU @ 4.00GHz, 8 cores, 15G,  Windows 10 , 64 bit Build 19041 (10.0.19041.546)
Time: Tue Oct 20 18:13:28 2020 E. Australia Standard Time elapsed time: 404 seconds (0d 0h 6m 44s)

---------------  T H R E A D  ---------------

Current thread (0x000001efc240a000):  JavaThread "main" [_thread_in_Java, id=8528, stack(0x0000000b6e100000,0x0000000b6e200000)]

Stack: [0x0000000b6e100000,0x0000000b6e200000],  sp=0x0000000b6e1fe410,  free space=1017k
Native frames: (J=compiled Java code, j=interpreted, Vv=VM code, C=native code)
C  0x000001efcc14d92f


siginfo: EXCEPTION_ACCESS_VIOLATION (0xc0000005), reading address 0x000001efe842ffa8


Register to memory mapping:

RIP=0x000001efcc14d92f is at code_begin+79 in an Interpreter codelet
invokevirtual  182 invokevirtual  [0x000001efcc14d8e0, 0x000001efcc14dee0]  1536 bytes
RAX=0x00000007118259c0 is an oop: java.util.PriorityQueue 
{0x00000007118259c0} - klass: 'java/util/PriorityQueue'
RBX=0x00000000000000b6 is an unknown value
RCX=0x000001efe82cb928 is pointing into metadata
RDX=0x000000000002c8cc is an unknown value
RSP=0x0000000b6e1fe410 is pointing into the stack for thread: 0x000001efc240a000
RBP=0x0000000b6e1fe460 is pointing into the stack for thread: 0x000001efc240a000
RSI=0x0000000000000148 is an unknown value
RDI=0x0000000000000039 is an unknown value
R8 =